Sep 22 16:38:46 [info] CREATE TABLE `schema_migrations` (
`version` varchar(255))  DEFAULT CHARSET=utf8;
Sep 22 16:38:46 [info] CREATE UNIQUE INDEX `idx_schema_migrations_version` ON `schema_migrations`(`version`)
Sep 22 16:40:09 [info] SELECT version FROM schema_migrations
Sep 22 16:41:03 [info] SHOW CREATE TABLE `SSP_Session`
Sep 22 16:41:03 [info] SHOW CREATE TABLE `SSP_Token`
Sep 22 16:41:03 [info] SHOW CREATE TABLE `SSP_UserLogon`
Sep 22 16:41:03 [info] SHOW CREATE TABLE `SSP_UserMisc`
Sep 22 16:41:03 [info] SHOW CREATE TABLE `SSP_UserResponse`
Sep 22 16:41:03 [info] SHOW CREATE TABLE `schema_migrations`
Sep 22 16:41:03 [info] SHOW CREATE TABLE `ssp_remember_me`
Jan 12 16:10:28 [info] CREATE TABLE `schema_migrations` (
`version` varchar(255))  DEFAULT CHARSET=utf8;
Jan 12 16:10:29 [info] CREATE UNIQUE INDEX `idx_schema_migrations_version` ON `schema_migrations`(`version`)
Jan 12 16:10:29 [info] SELECT version FROM schema_migrations
Jan 12 16:10:29 [info] SELECT version FROM schema_migrations
Jan 12 16:10:29 [info] SELECT version FROM schema_migrations
Jan 12 16:10:29 [info] CREATE TABLE `SSP_Session` (
		  `SessionId` char(32) NOT NULL default '',
		  `UserId` char(32) NOT NULL default '',
		  `SessionTime` int(11) NOT NULL default '0',
		  `SessionName` varchar(30) NOT NULL default '',
		  `SessionIp` varchar(40) NOT NULL default '',
		  `SessionUserIp` varchar(40) NOT NULL default '',
		  `SessionCheckIp` tinyint(4) NOT NULL default '0',
		  `SessionRandom` int(11) NOT NULL default '0',
		  `SessionData` blob NOT NULL,
		  PRIMARY KEY  (`SessionId`),
		  KEY `SessionTime` (`SessionTime`)
		) CHARACTER SET utf8 COLLATE utf8_general_ci
Jan 12 16:10:29 [info] CREATE TABLE `SSP_Token` (
		  `token` char(32) NOT NULL default '',
		  `time` int(11) NOT NULL default '0',
		  `id` varchar(50) NOT NULL default '',
		  PRIMARY KEY  (`token`),
		  KEY `time` (`time`),
		  KEY `id` (`id`)
		) CHARACTER SET utf8 COLLATE utf8_general_ci
Jan 12 16:10:29 [info] CREATE TABLE `SSP_UserLogon` (
		  `UserId` char(32) NOT NULL default '',
		  `UserEmail` varchar(255) NOT NULL default '',
		  `UserName` varchar(50) default NULL,
		  `UserPassword` varchar(255) NOT NULL default '',
		  `UserIp` varchar(30) NOT NULL default '',
		  `UserIpCheck` tinyint(4) NOT NULL default '0',
		  `UserAccess` varchar(20) NOT NULL default 'public',
		  `lang` varchar(10) NOT NULL default '',
		  `country` varchar(10) NOT NULL default '',
		  `UserDateLogon` int(11) NOT NULL default '0',
		  `UserDateLastLogon` int(11) NOT NULL default '0',
		  `UserDateCreated` int(11) NOT NULL default '0',
		  `UserDisabled` tinyint(4) NOT NULL default '0',
		  `UserPending` tinyint(4) NOT NULL default '0',
		  `UserAdminPending` tinyint(4) NOT NULL default '0',
		  `CreationFinished` tinyint(4) NOT NULL default '0',
		  `UserWaiting` tinyint(4) NOT NULL default '0',
		  `UserInvisible` tinyint(4) NOT NULL default '0',
		  PRIMARY KEY  (`UserId`),
		  KEY `UserEmail` (`UserEmail`),
		  UNIQUE KEY `UserName` (`UserName`),
		  KEY `UserPassword` (`UserPassword`),
		  KEY `UserDisabled` (`UserDisabled`,`UserPending`,`UserAdminPending`,`CreationFinished`,`UserWaiting`)
		) CHARACTER SET utf8 COLLATE utf8_general_ci
Jan 12 16:10:29 [info] CREATE TABLE `SSP_UserMisc` (
		  `UserId` char(32) NOT NULL default '',
		  `Title` varchar(15) NOT NULL default '',
		  `FirstName` varchar(20) NOT NULL default '',
		  `Initials` varchar(5) NOT NULL default '',
		  `FamilyName` varchar(30) NOT NULL default '',
		  `Address` varchar(255) NOT NULL default '',
		  `TownCity` varchar(30) NOT NULL default '',
		  `PostCode` varchar(10) NOT NULL default '',
		  `County` varchar(20) NOT NULL default '',
		  `Country` varchar(5) NOT NULL default '',
		  PRIMARY KEY  (`UserId`)
		) CHARACTER SET utf8 COLLATE utf8_general_ci
Jan 12 16:10:29 [info] CREATE TABLE `SSP_UserResponse` (
		  `token` char(32) NOT NULL default '',
		  `time` int(11) NOT NULL default '0',
		  `UserId` char(32) NOT NULL default '',
		  PRIMARY KEY  (`token`),
		  KEY `time` (`time`)
		) CHARACTER SET utf8 COLLATE utf8_general_ci
Jan 12 16:10:29 [info] CREATE TABLE `ssp_remember_me` (
		  `id` char(32) NOT NULL default '',
		  `user_id` char(32) NOT NULL default '',
		  `date_expires` int(11) NOT NULL default '0',
		  PRIMARY KEY  (`id`),
		  KEY `date_expires` (`date_expires`)
		) CHARACTER SET utf8 COLLATE utf8_general_ci
Jan 12 16:10:29 [info] INSERT INTO schema_migrations (version) VALUES ('20160926122345')
Jan 12 16:10:29 [info] SHOW FULL COLUMNS FROM `SSP_Session` LIKE 'SessionRandom'
Jan 12 16:10:29 [info] ALTER TABLE `SSP_Session` CHANGE `SessionRandom` `SessionRandom` varchar(255)
Jan 12 16:10:29 [info] INSERT INTO schema_migrations (version) VALUES ('20161031181600')
Jan 12 16:10:29 [info] SHOW FULL COLUMNS FROM `SSP_UserLogon` LIKE 'UserIp'
Jan 12 16:10:29 [info] ALTER TABLE `SSP_UserLogon` CHANGE `UserIp` `UserIp` varchar(255)
Jan 12 16:10:29 [info] INSERT INTO schema_migrations (version) VALUES ('20161102120841')
Jan 12 16:10:29 [info] ALTER TABLE `SSP_UserLogon` ADD `use_two_factor_auth` tinyint(1) DEFAULT 0
Jan 12 16:10:30 [info] INSERT INTO schema_migrations (version) VALUES ('20161122152157')
